<?xml version="1.0" encoding="UTF-8"?>
<testsuites name="New Test Suite" time="117.255" tests="1" failures="0" errors="0">
   <testsuite name="New Test Suite" tests="1" failures="0" errors="0" time="117.255" skipped="0" timestamp="25-05-2024T01:48:04" hostname="hani.vo - localhost" id="Test Suites/New Test Suite">
      <properties>
[...]
</properties>
      <testcase name="Test Cases/TC_login" time="117.187" classname="Test Cases/TC_login" status="PASSED">
         <system-out><![CDATA[25-05-2024T01:48:04 - [TEST_CASE][PASSED] - Test Cases/TC_login: Test Cases/TC_login

25-05-2024T01:48:04 - [TEST_STEP][PASSED] - openBrowser(""): Browser is opened with url: ''

25-05-2024T01:48:04 - [MESSAGE][INFO] - User set preference: ['os', 'windows']

25-05-2024T01:48:04 - [MESSAGE][INFO] - User set preference: ['browserName', 'chrome']

25-05-2024T01:48:04 - [MESSAGE][INFO] - User set preference: ['browserVersion', '124']

25-05-2024T01:48:04 - [MESSAGE][INFO] - User set preference: ['katalon:option', '{organizationId=1280987, tunnelId=, usingTunnel=false}']

25-05-2024T01:48:04 - [MESSAGE][INFO] - Connecting to remote web server 'testcloud.katalon.com/hub' with type 'Selenium'

25-05-2024T01:48:04 - [MESSAGE][INFO] - Action delay is set to 0 milliseconds

25-05-2024T01:48:56 - [MESSAGE][PASSED] - Browser is opened with url: ''

25-05-2024T01:48:56 - [TEST_STEP][PASSED] - navigateToUrl("https://katalon.com/"): Navigate to 'https://katalon.com/' successfully

25-05-2024T01:49:00 - [MESSAGE][PASSED] - Navigate to 'https://katalon.com/' successfully

25-05-2024T01:49:00 - [TEST_STEP][PASSED] - waitForPageLoad(30): Wait for page load successfully

25-05-2024T01:49:00 - [MESSAGE][PASSED] - Wait for page load successfully

25-05-2024T01:49:00 - [TEST_STEP][PASSED] - waitForElementVisible(findTestObject("Page_Katalon AI-augmented Software Quality _596167/a_Log in"), 10): Object 'Object Repository/Page_Katalon AI-augmented Software Quality _596167/a_Log in' is visible

25-05-2024T01:49:04 - [MESSAGE][PASSED] - Object 'Object Repository/Page_Katalon AI-augmented Software Quality _596167/a_Log in' is visible

25-05-2024T01:49:04 - [TEST_STEP][PASSED] - click(findTestObject("Object Repository/Page_Katalon AI-augmented Software Quality _596167/a_Log in")): Object: 'Object Repository/Page_Katalon AI-augmented Software Quality _596167/a_Log in' is clicked on

25-05-2024T01:49:08 - [MESSAGE][PASSED] - Object: 'Object Repository/Page_Katalon AI-augmented Software Quality _596167/a_Log in' is clicked on

25-05-2024T01:49:08 - [TEST_STEP][PASSED] - click(findTestObject("Object Repository/Page_Sign in  Katalon Software Quality Mana_cfddb7/div_Continue with email")): Object: 'Object Repository/Page_Sign in  Katalon Software Quality Mana_cfddb7/div_Continue with email' is clicked on

25-05-2024T01:49:12 - [MESSAGE][PASSED] - Object: 'Object Repository/Page_Sign in  Katalon Software Quality Mana_cfddb7/div_Continue with email' is clicked on

25-05-2024T01:49:12 - [TEST_STEP][PASSED] - click(findTestObject("Object Repository/Page_Sign in  Katalon Software Quality Mana_cfddb7/input_A work email is recommended to access_15d4d4")): Object: 'Object Repository/Page_Sign in  Katalon Software Quality Mana_cfddb7/input_A work email is recommended to access_15d4d4' is clicked on

25-05-2024T01:49:15 - [MESSAGE][PASSED] - Object: 'Object Repository/Page_Sign in  Katalon Software Quality Mana_cfddb7/input_A work email is recommended to access_15d4d4' is clicked on

25-05-2024T01:49:15 - [TEST_STEP][PASSED] - setText(findTestObject("Object Repository/Page_Sign in  Katalon Software Quality Mana_cfddb7/input_A work email is recommended to access_15d4d4"), "abcabc"): Text 'abcabc' is set on object 'Object Repository/Page_Sign in  Katalon Software Quality Mana_cfddb7/input_A work email is recommended to access_15d4d4'

25-05-2024T01:49:21 - [MESSAGE][PASSED] - Text 'abcabc' is set on object 'Object Repository/Page_Sign in  Katalon Software Quality Mana_cfddb7/input_A work email is recommended to access_15d4d4'

25-05-2024T01:49:21 - [TEST_STEP][PASSED] - setEncryptedText(findTestObject("Object Repository/Page_Sign in  Katalon Software Quality Mana_cfddb7/input_A work email is recommended to access_a0ab30"), "iGDxf8hSRT4="): Text ****** has been set on object 'Object Repository/Page_Sign in  Katalon Software Quality Mana_cfddb7/input_A work email is recommended to access_a0ab30'

25-05-2024T01:49:25 - [MESSAGE][PASSED] - Text ****** has been set on object 'Object Repository/Page_Sign in  Katalon Software Quality Mana_cfddb7/input_A work email is recommended to access_a0ab30'

25-05-2024T01:49:25 - [TEST_STEP][PASSED] - click(findTestObject("Object Repository/Page_Sign in  Katalon Software Quality Mana_cfddb7/form_A work email is recommended to access _330bd4")): Object: 'Object Repository/Page_Sign in  Katalon Software Quality Mana_cfddb7/form_A work email is recommended to access _330bd4' is clicked on

25-05-2024T01:49:57 - [MESSAGE][INFO] - Unable to find the element located by 'By.xpath: //form[@action='/realms/katalon/login-actions/authenticate?session_code=RqmNxZJLD9I0Na4iY1G6DMbjaORToNb0jo0GUIjfJ18&execution=f5fd9481-61f4-4ff1-94ce-2bfbc301145c&client_id=katalon-marketing&tab_id=LL0pyYeOIus']'. Please recheck the objects properties to make sure the desired element is located. 

25-05-2024T01:49:57 - [MESSAGE][WARNING] - [SELF-HEALING] Failed to find element with id 'Object Repository/Page_Sign in  Katalon Software Quality Mana_cfddb7/form_A work email is recommended to access _330bd4'. Try using Self-healing.

25-05-2024T01:49:59 - [MESSAGE][WARNING] - [SELF-HEALING] The current locator of test object 'Object Repository/Page_Sign in  Katalon Software Quality Mana_cfddb7/form_A work email is recommended to access _330bd4' was broken. Propose an alternative one: '//div[@id='kc-content-wrapper']/div/div[2]/div/div/div[2]/div[2]/form'.

25-05-2024T01:50:00 - [MESSAGE][PASSED] - Object: 'Object Repository/Page_Sign in  Katalon Software Quality Mana_cfddb7/form_A work email is recommended to access _330bd4' is clicked on

25-05-2024T01:50:00 - [TEST_STEP][PASSED] - closeBrowser(): Browser is closed

25-05-2024T01:50:01 - [MESSAGE][PASSED] - Browser is closed]]></system-out>
         <system-err><![CDATA[]]></system-err>
      </testcase>
      <system-out><![CDATA[25-05-2024T01:48:04 - [TEST_SUITE][PASSED] - New Test Suite: Test Cases/TC_login]]></system-out>
      <system-err><![CDATA[]]></system-err>
   </testsuite>
</testsuites>
